<?xml version="1.0" encoding="UTF-8"?>
<testsuite xmlns:xsi="http://www.w3.org/2001/XMLSchema-instance" xsi:noNamespaceSchemaLocation="https://maven.apache.org/surefire/maven-surefire-plugin/xsd/surefire-test-report.xsd" version="3.0.2" name="com.cheng.ComputerRoomSystem.goods.GoodsServiceTests" time="0.006" tests="6" errors="0" skipped="0" failures="0" flakes="0">
  <properties>
[...]
</properties>
  <testcase name="stockReturnIncreasesStockAndCreatesReturnRecord" classname="com.cheng.ComputerRoomSystem.goods.GoodsServiceTests" time="0.001"/>
  <testcase name="stockInUpdatesStockAndCreatesRecordFromJwt" classname="com.cheng.ComputerRoomSystem.goods.GoodsServiceTests" time="0.001"/>
  <testcase name="stockOutOverCurrentStockChangesNothing" classname="com.cheng.ComputerRoomSystem.goods.GoodsServiceTests" time="0.001"/>
  <testcase name="warningsComeFromRepositoryQuery" classname="com.cheng.ComputerRoomSystem.goods.GoodsServiceTests" time="0.001"/>
  <testcase name="goodsWithStockCannotBeDeleted" classname="com.cheng.ComputerRoomSystem.goods.GoodsServiceTests" time="0.0"/>
  <testcase name="stockOutUpdatesStockAndCreatesOutRecord" classname="com.cheng.ComputerRoomSystem.goods.GoodsServiceTests" time="0.001"/>
</testsuite>